<?xml version="1.0" encoding="UTF-8"?>
<testsuite name="ch.zhaw.pm2.racetrack.CarTest" tests="1" skipped="0" failures="0" errors="0" timestamp="2023-03-24T13:46:46" hostname="DESKTOP-HAFPO39" time="0.036">
  <properties/>
  <testcase name="lapCounter()" classname="ch.zhaw.pm2.racetrack.CarTest" time="0.036"/>
  <system-out><![CDATA[]]></system-out>
  <system-err><![CDATA[]]></system-err>
</testsuite>
